  print_basic.cpp
  main.cpp
  list.vcxproj -> F:\DataStruct\utf-8' 'VS2015版示例代码@spring2020\dsacpp\src\\..\_executable\Release\list.exe
C:\Program Files (x86)\MSBuild\Microsoft\VisualStudio\v14.0\CodeAnalysis\Microsoft.CodeAnalysis.targets(409,5): error MSB4018: “MergeNativeCodeAnalysis”任务意外失败。
C:\Program Files (x86)\MSBuild\Microsoft\VisualStudio\v14.0\CodeAnalysis\Microsoft.CodeAnalysis.targets(409,5): error MSB4018: Microsoft.VisualStudio.CodeAnalysis.AnalysisResults.AnalysisResultException: CA0501: 无法读取输出报告: F:\DataStruct\utf-8' 'VS2015版示例代码@spring2020\dsacpp\src\\..\_executable\Release.list\main.nativecodeanalysis.xml ---> System.IO.DirectoryNotFoundException: 未能找到路径“F:\DataStruct\utf-8' 'VS2015版示例代码@spring2020\dsacpp\src\_executable\Release.list\main.nativecodeanalysis.xml”的一部分。
C:\Program Files (x86)\MSBuild\Microsoft\VisualStudio\v14.0\CodeAnalysis\Microsoft.CodeAnalysis.targets(409,5): error MSB4018:    在 System.IO.__Error.WinIOError(Int32 errorCode, String maybeFullPath)
C:\Program Files (x86)\MSBuild\Microsoft\VisualStudio\v14.0\CodeAnalysis\Microsoft.CodeAnalysis.targets(409,5): error MSB4018:    在 System.IO.FileStream.Init(String path, FileMode mode, FileAccess access, Int32 rights, Boolean useRights, FileShare share, Int32 bufferSize, FileOptions options, SECURITY_ATTRIBUTES secAttrs, String msgPath, Boolean bFromProxy, Boolean useLongPath, Boolean checkHost)
C:\Program Files (x86)\MSBuild\Microsoft\VisualStudio\v14.0\CodeAnalysis\Microsoft.CodeAnalysis.targets(409,5): error MSB4018:    在 System.IO.FileStream..ctor(String path, FileMode mode, FileAccess access, FileShare share, Int32 bufferSize)
C:\Program Files (x86)\MSBuild\Microsoft\VisualStudio\v14.0\CodeAnalysis\Microsoft.CodeAnalysis.targets(409,5): error MSB4018:    在 System.Xml.XmlDownloadManager.GetStream(Uri uri, ICredentials credentials, IWebProxy proxy, RequestCachePolicy cachePolicy)
C:\Program Files (x86)\MSBuild\Microsoft\VisualStudio\v14.0\CodeAnalysis\Microsoft.CodeAnalysis.targets(409,5): error MSB4018:    在 System.Xml.XmlUrlResolver.GetEntity(Uri absoluteUri, String role, Type ofObjectToReturn)
C:\Program Files (x86)\MSBuild\Microsoft\VisualStudio\v14.0\CodeAnalysis\Microsoft.CodeAnalysis.targets(409,5): error MSB4018:    在 System.Xml.XmlTextReaderImpl.FinishInitUriString()
C:\Program Files (x86)\MSBuild\Microsoft\VisualStudio\v14.0\CodeAnalysis\Microsoft.CodeAnalysis.targets(409,5): error MSB4018:    在 System.Xml.XmlTextReaderImpl..ctor(String uriStr, XmlReaderSettings settings, XmlParserContext context, XmlResolver uriResolver)
C:\Program Files (x86)\MSBuild\Microsoft\VisualStudio\v14.0\CodeAnalysis\Microsoft.CodeAnalysis.targets(409,5): error MSB4018:    在 System.Xml.XmlReaderSettings.CreateReader(String inputUri, XmlParserContext inputContext)
C:\Program Files (x86)\MSBuild\Microsoft\VisualStudio\v14.0\CodeAnalysis\Microsoft.CodeAnalysis.targets(409,5): error MSB4018:    在 System.Xml.XmlReader.Create(String inputUri, XmlReaderSettings settings, XmlParserContext inputContext)
C:\Program Files (x86)\MSBuild\Microsoft\VisualStudio\v14.0\CodeAnalysis\Microsoft.CodeAnalysis.targets(409,5): error MSB4018:    在 Microsoft.Build.Tasks.MergeNativeCodeAnalysis.MergeInputFile(XmlWriter writer, String filename)
C:\Program Files (x86)\MSBuild\Microsoft\VisualStudio\v14.0\CodeAnalysis\Microsoft.CodeAnalysis.targets(409,5): error MSB4018:    --- 内部异常堆栈跟踪的结尾 ---
C:\Program Files (x86)\MSBuild\Microsoft\VisualStudio\v14.0\CodeAnalysis\Microsoft.CodeAnalysis.targets(409,5): error MSB4018:    在 Microsoft.Build.Tasks.MergeNativeCodeAnalysis.MergeAllInputs()
C:\Program Files (x86)\MSBuild\Microsoft\VisualStudio\v14.0\CodeAnalysis\Microsoft.CodeAnalysis.targets(409,5): error MSB4018:    在 Microsoft.Build.Tasks.MergeNativeCodeAnalysis.Execute()
C:\Program Files (x86)\MSBuild\Microsoft\VisualStudio\v14.0\CodeAnalysis\Microsoft.CodeAnalysis.targets(409,5): error MSB4018:    在 Microsoft.Build.BackEnd.TaskExecutionHost.Microsoft.Build.BackEnd.ITaskExecutionHost.Execute()
C:\Program Files (x86)\MSBuild\Microsoft\VisualStudio\v14.0\CodeAnalysis\Microsoft.CodeAnalysis.targets(409,5): error MSB4018:    在 Microsoft.Build.BackEnd.TaskBuilder.<ExecuteInstantiatedTask>d__26.MoveNext()
